2024-03-04 21:39:42.773 [info] Log level: Info
2024-03-04 21:39:42.773 [info] Validating found git in: "git"
2024-03-04 21:39:42.773 [info] Using git "2.34.1" from "git"
2024-03-04 21:39:42.773 [info] > git rev-parse --show-toplevel [5ms]
2024-03-04 21:39:42.778 [info] > git rev-parse --git-dir --git-common-dir [6ms]
2024-03-04 21:39:42.792 [info] Open repository: /home/furukawam/coachtech/html-css/html-test
2024-03-04 21:39:42.803 [info] > git config --get commit.template [1ms]
2024-03-04 21:39:42.811 [info] > git for-each-ref --format=%(refname)%00%(upstream:short)%00%(objectname)%00%(upstream:track)%00%(upstream:remotename)%00%(upstream:remoteref) refs/heads/main refs/remotes/main [3ms]
2024-03-04 21:39:42.822 [info] > git status -z -uall [4ms]
2024-03-04 21:39:42.837 [info] > git config --get commit.template [2ms]
2024-03-04 21:39:42.847 [info] > git for-each-ref --format=%(refname)%00%(upstream:short)%00%(objectname)%00%(upstream:track)%00%(upstream:remotename)%00%(upstream:remoteref) refs/heads/main refs/remotes/main [3ms]
2024-03-04 21:39:42.858 [info] > git status -z -uall [3ms]
2024-03-04 21:39:43.328 [info] > git check-ignore -v -z --stdin [1ms]
2024-03-04 21:39:47.744 [info] > git show --textconv :index.html [8ms]
2024-03-04 21:39:47.746 [info] > git ls-files --stage -- /home/furukawam/coachtech/html-css/html-test/index.html [3ms]
2024-03-04 21:39:56.570 [info] > git config --get commit.template [2ms]
2024-03-04 21:39:56.577 [info] > git for-each-ref --format=%(refname)%00%(upstream:short)%00%(objectname)%00%(upstream:track)%00%(upstream:remotename)%00%(upstream:remoteref) refs/heads/main refs/remotes/main [2ms]
2024-03-04 21:39:56.582 [info] > git status -z -uall [1ms]
2024-03-04 21:40:56.145 [info] > git config --get commit.template [4ms]
2024-03-04 21:40:56.146 [info] > git for-each-ref --format=%(refname)%00%(upstream:short)%00%(objectname)%00%(upstream:track)%00%(upstream:remotename)%00%(upstream:remoteref) refs/heads/main refs/remotes/main [2ms]
2024-03-04 21:40:56.151 [info] > git status -z -uall [1ms]
2024-03-04 21:41:01.163 [info] > git config --get commit.template [2ms]
2024-03-04 21:41:01.168 [info] > git for-each-ref --format=%(refname)%00%(upstream:short)%00%(objectname)%00%(upstream:track)%00%(upstream:remotename)%00%(upstream:remoteref) refs/heads/main refs/remotes/main [2ms]
2024-03-04 21:41:01.172 [info] > git status -z -uall [1ms]
2024-03-04 21:41:12.216 [info] > git config --get commit.template [2ms]
2024-03-04 21:41:12.221 [info] > git for-each-ref --format=%(refname)%00%(upstream:short)%00%(objectname)%00%(upstream:track)%00%(upstream:remotename)%00%(upstream:remoteref) refs/heads/main refs/remotes/main [1ms]
2024-03-04 21:41:12.225 [info] > git status -z -uall [0ms]
2024-03-04 21:41:18.233 [info] > git config --get commit.template [1ms]
2024-03-04 21:41:18.238 [info] > git for-each-ref --format=%(refname)%00%(upstream:short)%00%(objectname)%00%(upstream:track)%00%(upstream:remotename)%00%(upstream:remoteref) refs/heads/main refs/remotes/main [1ms]
2024-03-04 21:41:18.242 [info] > git status -z -uall [0ms]
2024-03-04 21:41:23.255 [info] > git config --get commit.template [5ms]
2024-03-04 21:41:23.256 [info] > git for-each-ref --format=%(refname)%00%(upstream:short)%00%(objectname)%00%(upstream:track)%00%(upstream:remotename)%00%(upstream:remoteref) refs/heads/main refs/remotes/main [0ms]
2024-03-04 21:41:23.260 [info] > git status -z -uall [1ms]
2024-03-04 21:41:28.270 [info] > git config --get commit.template [1ms]
2024-03-04 21:41:28.274 [info] > git for-each-ref --format=%(refname)%00%(upstream:short)%00%(objectname)%00%(upstream:track)%00%(upstream:remotename)%00%(upstream:remoteref) refs/heads/main refs/remotes/main [0ms]
2024-03-04 21:41:28.278 [info] > git status -z -uall [1ms]
2024-03-04 21:41:33.288 [info] > git config --get commit.template [1ms]
2024-03-04 21:41:33.293 [info] > git for-each-ref --format=%(refname)%00%(upstream:short)%00%(objectname)%00%(upstream:track)%00%(upstream:remotename)%00%(upstream:remoteref) refs/heads/main refs/remotes/main [1ms]
2024-03-04 21:41:33.298 [info] > git status -z -uall [1ms]
2024-03-04 21:41:38.315 [info] > git config --get commit.template [8ms]
2024-03-04 21:41:38.316 [info] > git for-each-ref --format=%(refname)%00%(upstream:short)%00%(objectname)%00%(upstream:track)%00%(upstream:remotename)%00%(upstream:remoteref) refs/heads/main refs/remotes/main [1ms]
2024-03-04 21:41:38.324 [info] > git status -z -uall [2ms]
2024-03-04 21:58:25.546 [info] > git config --get commit.template [9ms]
2024-03-04 21:58:25.547 [info] > git for-each-ref --format=%(refname)%00%(upstream:short)%00%(objectname)%00%(upstream:track)%00%(upstream:remotename)%00%(upstream:remoteref) refs/heads/main refs/remotes/main [3ms]
2024-03-04 21:58:25.559 [info] > git status -z -uall [3ms]
2024-03-04 21:58:25.579 [info] > git ls-files --stage -- /home/furukawam/coachtech/html-css/html-test/index.html [1ms]
2024-03-04 21:58:25.586 [info] > git cat-file -s 4e1f57095a9ccaeaeebc4867b32d4986c0c8286b [1ms]
2024-03-04 21:58:25.597 [info] > git show --textconv :index.html [2ms]
2024-03-07 04:17:28.662 [info] > git config --get commit.template [13ms]
2024-03-07 04:17:28.664 [info] > git for-each-ref --format=%(refname)%00%(upstream:short)%00%(objectname)%00%(upstream:track)%00%(upstream:remotename)%00%(upstream:remoteref) refs/heads/main refs/remotes/main [6ms]
2024-03-07 04:17:28.682 [info] > git status -z -uall [6ms]
