2024-03-04 21:19:46.822 [info] Extension host with pid 3319 started
2024-03-04 21:19:46.840 [info] Lock '/home/furukawam/.vscode-server/data/User/workspaceStorage/2509e24521e942cefecd793bbfbb9bfb/vscode.lock': Lock acquired.
2024-03-04 21:19:46.895 [info] ExtensionService#_doActivateExtension vscode.html-language-features, startup: false, activationEvent: 'onLanguage:html'
2024-03-04 21:19:46.896 [info] ExtensionService#_doActivateExtension vscode.emmet, startup: false, activationEvent: 'onLanguage'
2024-03-04 21:19:47.583 [info] ExtensionService#_doActivateExtension vscode.git-base, startup: true, activationEvent: '*', root cause: vscode.git
2024-03-04 21:19:47.710 [info] ExtensionService#_doActivateExtension vscode.git, startup: true, activationEvent: '*'
2024-03-04 21:19:47.711 [info] ExtensionService#_doActivateExtension vscode.github, startup: true, activationEvent: '*'
2024-03-04 21:19:48.048 [info] Eager extensions activated
2024-03-04 21:19:48.048 [info] ExtensionService#_doActivateExtension vscode.debug-auto-launch, startup: false, activationEvent: 'onStartupFinished'
2024-03-04 21:19:48.049 [info] ExtensionService#_doActivateExtension vscode.merge-conflict, startup: false, activationEvent: 'onStartupFinished'
2024-03-04 21:40:26.678 [info] Extension host terminating: received terminate message from renderer
2024-03-04 21:40:26.679 [info] Lock '/home/furukawam/.vscode-server/data/User/workspaceStorage/2509e24521e942cefecd793bbfbb9bfb/vscode.lock': Marking the lockfile as scheduled to be released in 6000 ms.
2024-03-04 21:40:26.720 [error] Canceled: Canceled
	at new $ (/home/furukawam/.vscode-server/bin/019f4d1419fbc8219a181fab7892ebccf7ee29a2/out/vs/workbench/api/node/extensionHostProcess.js:140:45885)
	at s.U (/home/furukawam/.vscode-server/bin/019f4d1419fbc8219a181fab7892ebccf7ee29a2/out/vs/workbench/api/node/extensionHostProcess.js:147:5556)
	at z.<computed>.T.charCodeAt.z.<computed> (/home/furukawam/.vscode-server/bin/019f4d1419fbc8219a181fab7892ebccf7ee29a2/out/vs/workbench/api/node/extensionHostProcess.js:147:3007)
	at u.g (/home/furukawam/.vscode-server/bin/019f4d1419fbc8219a181fab7892ebccf7ee29a2/out/vs/workbench/api/node/extensionHostProcess.js:150:184415)
	at u.executeCommand (/home/furukawam/.vscode-server/bin/019f4d1419fbc8219a181fab7892ebccf7ee29a2/out/vs/workbench/api/node/extensionHostProcess.js:150:183853)
	at f.registerCommand.description (/home/furukawam/.vscode-server/bin/019f4d1419fbc8219a181fab7892ebccf7ee29a2/out/vs/workbench/api/node/extensionHostProcess.js:150:183177)
	at u.h (/home/furukawam/.vscode-server/bin/019f4d1419fbc8219a181fab7892ebccf7ee29a2/out/vs/workbench/api/node/extensionHostProcess.js:150:184954)
	at u.g (/home/furukawam/.vscode-server/bin/019f4d1419fbc8219a181fab7892ebccf7ee29a2/out/vs/workbench/api/node/extensionHostProcess.js:150:183946)
	at u.executeCommand (/home/furukawam/.vscode-server/bin/019f4d1419fbc8219a181fab7892ebccf7ee29a2/out/vs/workbench/api/node/extensionHostProcess.js:150:183853)
	at Object.executeCommand (/home/furukawam/.vscode-server/bin/019f4d1419fbc8219a181fab7892ebccf7ee29a2/out/vs/workbench/api/node/extensionHostProcess.js:160:21654)
	at p.O [as value] (/home/furukawam/.vscode-server/bin/019f4d1419fbc8219a181fab7892ebccf7ee29a2/extensions/git/dist/main.js:2:943479)
	at n.y (/home/furukawam/.vscode-server/bin/019f4d1419fbc8219a181fab7892ebccf7ee29a2/out/vs/workbench/api/node/extensionHostProcess.js:80:1902)
	at n.z (/home/furukawam/.vscode-server/bin/019f4d1419fbc8219a181fab7892ebccf7ee29a2/out/vs/workbench/api/node/extensionHostProcess.js:80:1972)
	at n.fire (/home/furukawam/.vscode-server/bin/019f4d1419fbc8219a181fab7892ebccf7ee29a2/out/vs/workbench/api/node/extensionHostProcess.js:80:2188)
	at Object.m [as dispose] (/home/furukawam/.vscode-server/bin/019f4d1419fbc8219a181fab7892ebccf7ee29a2/extensions/git/dist/main.js:2:962791)
	at /home/furukawam/.vscode-server/bin/019f4d1419fbc8219a181fab7892ebccf7ee29a2/extensions/git/dist/main.js:2:968825
	at Array.forEach (<anonymous>)
	at f.dispose (/home/furukawam/.vscode-server/bin/019f4d1419fbc8219a181fab7892ebccf7ee29a2/extensions/git/dist/main.js:2:968811)
	at l.<anonymous> (/home/furukawam/.vscode-server/bin/019f4d1419fbc8219a181fab7892ebccf7ee29a2/out/vs/workbench/api/node/extensionHostProcess.js:148:3704)
	at l.dispose (/home/furukawam/.vscode-server/bin/019f4d1419fbc8219a181fab7892ebccf7ee29a2/out/vs/workbench/api/node/extensionHostProcess.js:148:3801)
	at l.<anonymous> (/home/furukawam/.vscode-server/bin/019f4d1419fbc8219a181fab7892ebccf7ee29a2/extensions/git/dist/main.js:2:945736)
	at l.dispose (/home/furukawam/.vscode-server/bin/019f4d1419fbc8219a181fab7892ebccf7ee29a2/out/vs/workbench/api/node/extensionHostProcess.js:148:3801)
	at o (/home/furukawam/.vscode-server/bin/019f4d1419fbc8219a181fab7892ebccf7ee29a2/out/vs/workbench/api/node/extensionHostProcess.js:30:754)
	at p.cb (/home/furukawam/.vscode-server/bin/019f4d1419fbc8219a181fab7892ebccf7ee29a2/out/vs/workbench/api/node/extensionHostProcess.js:156:9882)
	at /home/furukawam/.vscode-server/bin/019f4d1419fbc8219a181fab7892ebccf7ee29a2/out/vs/workbench/api/node/extensionHostProcess.js:156:7816
	at Array.map (<anonymous>)
	at p.Y (/home/furukawam/.vscode-server/bin/019f4d1419fbc8219a181fab7892ebccf7ee29a2/out/vs/workbench/api/node/extensionHostProcess.js:156:7803)
	at p.terminate (/home/furukawam/.vscode-server/bin/019f4d1419fbc8219a181fab7892ebccf7ee29a2/out/vs/workbench/api/node/extensionHostProcess.js:156:8076)
	at o.terminate (/home/furukawam/.vscode-server/bin/019f4d1419fbc8219a181fab7892ebccf7ee29a2/out/vs/workbench/api/node/extensionHostProcess.js:160:1513)
	at t (/home/furukawam/.vscode-server/bin/019f4d1419fbc8219a181fab7892ebccf7ee29a2/out/vs/workbench/api/node/extensionHostProcess.js:173:9949)
	at p.value (/home/furukawam/.vscode-server/bin/019f4d1419fbc8219a181fab7892ebccf7ee29a2/out/vs/workbench/api/node/extensionHostProcess.js:173:7996)
	at n.y (/home/furukawam/.vscode-server/bin/019f4d1419fbc8219a181fab7892ebccf7ee29a2/out/vs/workbench/api/node/extensionHostProcess.js:80:1902)
	at n.fire (/home/furukawam/.vscode-server/bin/019f4d1419fbc8219a181fab7892ebccf7ee29a2/out/vs/workbench/api/node/extensionHostProcess.js:80:2119)
	at r.fire (/home/furukawam/.vscode-server/bin/019f4d1419fbc8219a181fab7892ebccf7ee29a2/out/vs/workbench/api/node/extensionHostProcess.js:105:14091)
	at u.z (/home/furukawam/.vscode-server/bin/019f4d1419fbc8219a181fab7892ebccf7ee29a2/out/vs/workbench/api/node/extensionHostProcess.js:105:17156)
	at p.value (/home/furukawam/.vscode-server/bin/019f4d1419fbc8219a181fab7892ebccf7ee29a2/out/vs/workbench/api/node/extensionHostProcess.js:105:15608)
	at n.y (/home/furukawam/.vscode-server/bin/019f4d1419fbc8219a181fab7892ebccf7ee29a2/out/vs/workbench/api/node/extensionHostProcess.js:80:1902)
	at n.fire (/home/furukawam/.vscode-server/bin/019f4d1419fbc8219a181fab7892ebccf7ee29a2/out/vs/workbench/api/node/extensionHostProcess.js:80:2119)
	at p.acceptChunk (/home/furukawam/.vscode-server/bin/019f4d1419fbc8219a181fab7892ebccf7ee29a2/out/vs/workbench/api/node/extensionHostProcess.js:105:11865)
	at p.value (/home/furukawam/.vscode-server/bin/019f4d1419fbc8219a181fab7892ebccf7ee29a2/out/vs/workbench/api/node/extensionHostProcess.js:105:11152)
	at n.y (/home/furukawam/.vscode-server/bin/019f4d1419fbc8219a181fab7892ebccf7ee29a2/out/vs/workbench/api/node/extensionHostProcess.js:80:1902)
	at n.fire (/home/furukawam/.vscode-server/bin/019f4d1419fbc8219a181fab7892ebccf7ee29a2/out/vs/workbench/api/node/extensionHostProcess.js:80:2119)
	at n.z (/home/furukawam/.vscode-server/bin/019f4d1419fbc8219a181fab7892ebccf7ee29a2/out/vs/workbench/api/node/extensionHostProcess.js:170:19768)
	at n.acceptFrame (/home/furukawam/.vscode-server/bin/019f4d1419fbc8219a181fab7892ebccf7ee29a2/out/vs/workbench/api/node/extensionHostProcess.js:170:19574)
	at i.n (/home/furukawam/.vscode-server/bin/019f4d1419fbc8219a181fab7892ebccf7ee29a2/out/vs/workbench/api/node/extensionHostProcess.js:170:18073)
	at /home/furukawam/.vscode-server/bin/019f4d1419fbc8219a181fab7892ebccf7ee29a2/out/vs/workbench/api/node/extensionHostProcess.js:170:15293
	at Socket.y (/home/furukawam/.vscode-server/bin/019f4d1419fbc8219a181fab7892ebccf7ee29a2/out/vs/workbench/api/node/extensionHostProcess.js:170:13198)
	at Socket.emit (node:events:514:28)
	at addChunk (node:internal/streams/readable:324:12)
	at readableAddChunk (node:internal/streams/readable:297:9)
	at Readable.push (node:internal/streams/readable:234:10)
	at TCP.onStreamRead (node:internal/stream_base_commons:190:23) setContext undefined
2024-03-04 21:40:26.722 [error] Canceled: Canceled
	at new $ (/home/furukawam/.vscode-server/bin/019f4d1419fbc8219a181fab7892ebccf7ee29a2/out/vs/workbench/api/node/extensionHostProcess.js:140:45885)
	at s.U (/home/furukawam/.vscode-server/bin/019f4d1419fbc8219a181fab7892ebccf7ee29a2/out/vs/workbench/api/node/extensionHostProcess.js:147:5556)
	at z.<computed>.T.charCodeAt.z.<computed> (/home/furukawam/.vscode-server/bin/019f4d1419fbc8219a181fab7892ebccf7ee29a2/out/vs/workbench/api/node/extensionHostProcess.js:147:3007)
	at u.g (/home/furukawam/.vscode-server/bin/019f4d1419fbc8219a181fab7892ebccf7ee29a2/out/vs/workbench/api/node/extensionHostProcess.js:150:184415)
	at u.executeCommand (/home/furukawam/.vscode-server/bin/019f4d1419fbc8219a181fab7892ebccf7ee29a2/out/vs/workbench/api/node/extensionHostProcess.js:150:183853)
	at f.registerCommand.description (/home/furukawam/.vscode-server/bin/019f4d1419fbc8219a181fab7892ebccf7ee29a2/out/vs/workbench/api/node/extensionHostProcess.js:150:183177)
	at u.h (/home/furukawam/.vscode-server/bin/019f4d1419fbc8219a181fab7892ebccf7ee29a2/out/vs/workbench/api/node/extensionHostProcess.js:150:184954)
	at u.g (/home/furukawam/.vscode-server/bin/019f4d1419fbc8219a181fab7892ebccf7ee29a2/out/vs/workbench/api/node/extensionHostProcess.js:150:183946)
	at u.executeCommand (/home/furukawam/.vscode-server/bin/019f4d1419fbc8219a181fab7892ebccf7ee29a2/out/vs/workbench/api/node/extensionHostProcess.js:150:183853)
	at Object.executeCommand (/home/furukawam/.vscode-server/bin/019f4d1419fbc8219a181fab7892ebccf7ee29a2/out/vs/workbench/api/node/extensionHostProcess.js:160:21654)
	at set hasGitHubRepositories [as hasGitHubRepositories] (/home/furukawam/.vscode-server/bin/019f4d1419fbc8219a181fab7892ebccf7ee29a2/extensions/github/dist/extension.js:2:325214)
	at /home/furukawam/.vscode-server/bin/019f4d1419fbc8219a181fab7892ebccf7ee29a2/extensions/github/dist/extension.js:2:326173
	at p.value (/home/furukawam/.vscode-server/bin/019f4d1419fbc8219a181fab7892ebccf7ee29a2/extensions/git/dist/main.js:2:1050811)
	at n.y (/home/furukawam/.vscode-server/bin/019f4d1419fbc8219a181fab7892ebccf7ee29a2/out/vs/workbench/api/node/extensionHostProcess.js:80:1902)
	at n.z (/home/furukawam/.vscode-server/bin/019f4d1419fbc8219a181fab7892ebccf7ee29a2/out/vs/workbench/api/node/extensionHostProcess.js:80:1972)
	at n.fire (/home/furukawam/.vscode-server/bin/019f4d1419fbc8219a181fab7892ebccf7ee29a2/out/vs/workbench/api/node/extensionHostProcess.js:80:2188)
	at Object.m [as dispose] (/home/furukawam/.vscode-server/bin/019f4d1419fbc8219a181fab7892ebccf7ee29a2/extensions/git/dist/main.js:2:962791)
	at /home/furukawam/.vscode-server/bin/019f4d1419fbc8219a181fab7892ebccf7ee29a2/extensions/git/dist/main.js:2:968825
	at Array.forEach (<anonymous>)
	at f.dispose (/home/furukawam/.vscode-server/bin/019f4d1419fbc8219a181fab7892ebccf7ee29a2/extensions/git/dist/main.js:2:968811)
	at l.<anonymous> (/home/furukawam/.vscode-server/bin/019f4d1419fbc8219a181fab7892ebccf7ee29a2/out/vs/workbench/api/node/extensionHostProcess.js:148:3704)
	at l.dispose (/home/furukawam/.vscode-server/bin/019f4d1419fbc8219a181fab7892ebccf7ee29a2/out/vs/workbench/api/node/extensionHostProcess.js:148:3801)
	at l.<anonymous> (/home/furukawam/.vscode-server/bin/019f4d1419fbc8219a181fab7892ebccf7ee29a2/extensions/git/dist/main.js:2:945736)
	at l.dispose (/home/furukawam/.vscode-server/bin/019f4d1419fbc8219a181fab7892ebccf7ee29a2/out/vs/workbench/api/node/extensionHostProcess.js:148:3801)
	at o (/home/furukawam/.vscode-server/bin/019f4d1419fbc8219a181fab7892ebccf7ee29a2/out/vs/workbench/api/node/extensionHostProcess.js:30:754)
	at p.cb (/home/furukawam/.vscode-server/bin/019f4d1419fbc8219a181fab7892ebccf7ee29a2/out/vs/workbench/api/node/extensionHostProcess.js:156:9882)
	at /home/furukawam/.vscode-server/bin/019f4d1419fbc8219a181fab7892ebccf7ee29a2/out/vs/workbench/api/node/extensionHostProcess.js:156:7816
	at Array.map (<anonymous>)
	at p.Y (/home/furukawam/.vscode-server/bin/019f4d1419fbc8219a181fab7892ebccf7ee29a2/out/vs/workbench/api/node/extensionHostProcess.js:156:7803)
	at p.terminate (/home/furukawam/.vscode-server/bin/019f4d1419fbc8219a181fab7892ebccf7ee29a2/out/vs/workbench/api/node/extensionHostProcess.js:156:8076)
	at o.terminate (/home/furukawam/.vscode-server/bin/019f4d1419fbc8219a181fab7892ebccf7ee29a2/out/vs/workbench/api/node/extensionHostProcess.js:160:1513)
	at t (/home/furukawam/.vscode-server/bin/019f4d1419fbc8219a181fab7892ebccf7ee29a2/out/vs/workbench/api/node/extensionHostProcess.js:173:9949)
	at p.value (/home/furukawam/.vscode-server/bin/019f4d1419fbc8219a181fab7892ebccf7ee29a2/out/vs/workbench/api/node/extensionHostProcess.js:173:7996)
	at n.y (/home/furukawam/.vscode-server/bin/019f4d1419fbc8219a181fab7892ebccf7ee29a2/out/vs/workbench/api/node/extensionHostProcess.js:80:1902)
	at n.fire (/home/furukawam/.vscode-server/bin/019f4d1419fbc8219a181fab7892ebccf7ee29a2/out/vs/workbench/api/node/extensionHostProcess.js:80:2119)
	at r.fire (/home/furukawam/.vscode-server/bin/019f4d1419fbc8219a181fab7892ebccf7ee29a2/out/vs/workbench/api/node/extensionHostProcess.js:105:14091)
	at u.z (/home/furukawam/.vscode-server/bin/019f4d1419fbc8219a181fab7892ebccf7ee29a2/out/vs/workbench/api/node/extensionHostProcess.js:105:17156)
	at p.value (/home/furukawam/.vscode-server/bin/019f4d1419fbc8219a181fab7892ebccf7ee29a2/out/vs/workbench/api/node/extensionHostProcess.js:105:15608)
	at n.y (/home/furukawam/.vscode-server/bin/019f4d1419fbc8219a181fab7892ebccf7ee29a2/out/vs/workbench/api/node/extensionHostProcess.js:80:1902)
	at n.fire (/home/furukawam/.vscode-server/bin/019f4d1419fbc8219a181fab7892ebccf7ee29a2/out/vs/workbench/api/node/extensionHostProcess.js:80:2119)
	at p.acceptChunk (/home/furukawam/.vscode-server/bin/019f4d1419fbc8219a181fab7892ebccf7ee29a2/out/vs/workbench/api/node/extensionHostProcess.js:105:11865)
	at p.value (/home/furukawam/.vscode-server/bin/019f4d1419fbc8219a181fab7892ebccf7ee29a2/out/vs/workbench/api/node/extensionHostProcess.js:105:11152)
	at n.y (/home/furukawam/.vscode-server/bin/019f4d1419fbc8219a181fab7892ebccf7ee29a2/out/vs/workbench/api/node/extensionHostProcess.js:80:1902)
	at n.fire (/home/furukawam/.vscode-server/bin/019f4d1419fbc8219a181fab7892ebccf7ee29a2/out/vs/workbench/api/node/extensionHostProcess.js:80:2119)
	at n.z (/home/furukawam/.vscode-server/bin/019f4d1419fbc8219a181fab7892ebccf7ee29a2/out/vs/workbench/api/node/extensionHostProcess.js:170:19768)
	at n.acceptFrame (/home/furukawam/.vscode-server/bin/019f4d1419fbc8219a181fab7892ebccf7ee29a2/out/vs/workbench/api/node/extensionHostProcess.js:170:19574)
	at i.n (/home/furukawam/.vscode-server/bin/019f4d1419fbc8219a181fab7892ebccf7ee29a2/out/vs/workbench/api/node/extensionHostProcess.js:170:18073)
	at /home/furukawam/.vscode-server/bin/019f4d1419fbc8219a181fab7892ebccf7ee29a2/out/vs/workbench/api/node/extensionHostProcess.js:170:15293
	at Socket.y (/home/furukawam/.vscode-server/bin/019f4d1419fbc8219a181fab7892ebccf7ee29a2/out/vs/workbench/api/node/extensionHostProcess.js:170:13198)
	at Socket.emit (node:events:514:28)
	at addChunk (node:internal/streams/readable:324:12)
	at readableAddChunk (node:internal/streams/readable:297:9)
	at Readable.push (node:internal/streams/readable:234:10)
	at TCP.onStreamRead (node:internal/stream_base_commons:190:23) setContext undefined
2024-03-04 21:40:26.726 [info] Extension host with pid 3319 exiting with code 0
